<?xml version="1.0" encoding="UTF-8"?>
<TestRun id="9fdd8c9c-17f8-466c-89ea-04df80cfa1cf" name="Irina@IPC 2010-10-20 14:43:03" runUser="IPC\Irina" xmlns="http://microsoft.com/schemas/VisualStudio/TeamTest/2010">
  <TestSettings name="Default Test Settings" id="37d3cf3e-c5c1-4e4b-9a28-fccb8d39cb24">
    <Deployment runDeploymentRoot="Irina_IPC 2010-10-20 14_43_03">
      <DeploymentItem filename="C:\Users\Irina\Documents\VIPER\viper-wiki\csharp\MvcApplication2\MvcApplication2\bin\MvcApplication2.dll" />
    </Deployment>
    <Execution>
      <TestTypeSpecific />
      <AgentRule name="Execution Agents">
      </AgentRule>
    </Execution>
  </TestSettings>
  <Times creation="2010-10-20T14:43:03.5385264+02:00" queuing="2010-10-20T14:43:06.9527217+02:00" start="2010-10-20T14:43:07.0867294+02:00" finish="2010-10-20T14:43:09.5628710+02:00" />
  <ResultSummary outcome="Completed">
    <Counters total="17" executed="17" passed="17" error="0" failed="0" timeout="0" aborted="0" inconclusive="0" passedButRunAborted="0" notRunnable="0" notExecuted="0" disconnected="0" warning="0" completed="0" inProgress="0" pending="0" />
  </ResultSummary>
  <TestDefinitions>
    <UnitTest name="ChangePassword_Post_ReturnsRedirectOnSuccess" storage="c:\users\irina\documents\viper\viper-wiki\csharp\mvcapplication2\viper-wiki\bin\debug\viper-wiki.dll" id="5cba14b5-e5ee-c2b1-a06b-37bed6f93c4a">
      <Execution id="f95527c3-df35-4774-9535-72a9537b08bf" />
      <TestMethod codeBase="C:/Users/Irina/Documents/VIPER/viper-wiki/csharp/MvcApplication2/viper-wiki/bin/Debug/viper-wiki.DLL" adapterTypeName="Microsoft.VisualStudio.TestTools.TestTypes.Unit.UnitTestAdapter, Microsoft.VisualStudio.QualityTools.Tips.UnitTest.Adapter, Version=10.0.0.0, Culture=neutral, PublicKeyToken=b03f5f7f11d50a3a" className="viper_wiki.Controllers.AccountControllerTest, viper-wiki, Version=1.0.0.0, Culture=neutral, PublicKeyToken=null" name="ChangePassword_Post_ReturnsRedirectOnSuccess" />
    </UnitTest>
    <UnitTest name="Index" storage="c:\users\irina\documents\viper\viper-wiki\csharp\mvcapplication2\viper-wiki\bin\debug\viper-wiki.dll" id="293f5a52-3520-c72e-870f-9e93a0146d1c">
      <Execution id="52a47e59-1258-4f67-866d-c4a3f2526145" />
      <TestMethod codeBase="C:/Users/Irina/Documents/VIPER/viper-wiki/csharp/MvcApplication2/viper-wiki/bin/Debug/viper-wiki.DLL" adapterTypeName="Microsoft.VisualStudio.TestTools.TestTypes.Unit.UnitTestAdapter, Microsoft.VisualStudio.QualityTools.Tips.UnitTest.Adapter, Version=10.0.0.0, Culture=neutral, PublicKeyToken=b03f5f7f11d50a3a" className="viper_wiki.Controllers.HomeControllerTest, viper-wiki, Version=1.0.0.0, Culture=neutral, PublicKeyToken=null" name="Index" />
    </UnitTest>
    <UnitTest name="LogOn_Post_ReturnsRedirectOnSuccess_WithReturnUrl" storage="c:\users\irina\documents\viper\viper-wiki\csharp\mvcapplication2\viper-wiki\bin\debug\viper-wiki.dll" id="5133da90-7b3c-2eda-4202-818db91a4da7">
      <Execution id="aa38001c-4b40-4ba3-ab0e-993b24441feb" />
      <TestMethod codeBase="C:/Users/Irina/Documents/VIPER/viper-wiki/csharp/MvcApplication2/viper-wiki/bin/Debug/viper-wiki.DLL" adapterTypeName="Microsoft.VisualStudio.TestTools.TestTypes.Unit.UnitTestAdapter, Microsoft.VisualStudio.QualityTools.Tips.UnitTest.Adapter, Version=10.0.0.0, Culture=neutral, PublicKeyToken=b03f5f7f11d50a3a" className="viper_wiki.Controllers.AccountControllerTest, viper-wiki, Version=1.0.0.0, Culture=neutral, PublicKeyToken=null" name="LogOn_Post_ReturnsRedirectOnSuccess_WithReturnUrl" />
    </UnitTest>
    <UnitTest name="ChangePassword_Get_ReturnsView" storage="c:\users\irina\documents\viper\viper-wiki\csharp\mvcapplication2\viper-wiki\bin\debug\viper-wiki.dll" id="3078c832-02b5-87f6-9974-ff8aad357270">
      <Execution id="efabf441-9b92-4bc3-9f09-4ba81a49057b" />
      <TestMethod codeBase="C:/Users/Irina/Documents/VIPER/viper-wiki/csharp/MvcApplication2/viper-wiki/bin/Debug/viper-wiki.DLL" adapterTypeName="Microsoft.VisualStudio.TestTools.TestTypes.Unit.UnitTestAdapter, Microsoft.VisualStudio.QualityTools.Tips.UnitTest.Adapter, Version=10.0.0.0, Culture=neutral, PublicKeyToken=b03f5f7f11d50a3a" className="viper_wiki.Controllers.AccountControllerTest, viper-wiki, Version=1.0.0.0, Culture=neutral, PublicKeyToken=null" name="ChangePassword_Get_ReturnsView" />
    </UnitTest>
    <UnitTest name="Register_Post_ReturnsViewIfModelStateIsInvalid" storage="c:\users\irina\documents\viper\viper-wiki\csharp\mvcapplication2\viper-wiki\bin\debug\viper-wiki.dll" id="bd3d8429-1fcc-7793-6a46-984fc66b3726">
      <Execution id="ad9b86e3-d6f8-41fc-8ec8-73376eb9ecba" />
      <TestMethod codeBase="C:/Users/Irina/Documents/VIPER/viper-wiki/csharp/MvcApplication2/viper-wiki/bin/Debug/viper-wiki.DLL" adapterTypeName="Microsoft.VisualStudio.TestTools.TestTypes.Unit.UnitTestAdapter, Microsoft.VisualStudio.QualityTools.Tips.UnitTest.Adapter, Version=10.0.0.0, Culture=neutral, PublicKeyToken=b03f5f7f11d50a3a" className="viper_wiki.Controllers.AccountControllerTest, viper-wiki, Version=1.0.0.0, Culture=neutral, PublicKeyToken=null" name="Register_Post_ReturnsViewIfModelStateIsInvalid" />
    </UnitTest>
    <UnitTest name="ChangePasswordSuccess_ReturnsView" storage="c:\users\irina\documents\viper\viper-wiki\csharp\mvcapplication2\viper-wiki\bin\debug\viper-wiki.dll" id="a06cb7d7-498c-063d-7c92-66bc6db7094d">
      <Execution id="effd6a0a-a2d5-4b9e-95b5-5eacf818046f" />
      <TestMethod codeBase="C:/Users/Irina/Documents/VIPER/viper-wiki/csharp/MvcApplication2/viper-wiki/bin/Debug/viper-wiki.DLL" adapterTypeName="Microsoft.VisualStudio.TestTools.TestTypes.Unit.UnitTestAdapter, Microsoft.VisualStudio.QualityTools.Tips.UnitTest.Adapter, Version=10.0.0.0, Culture=neutral, PublicKeyToken=b03f5f7f11d50a3a" className="viper_wiki.Controllers.AccountControllerTest, viper-wiki, Version=1.0.0.0, Culture=neutral, PublicKeyToken=null" name="ChangePasswordSuccess_ReturnsView" />
    </UnitTest>
    <UnitTest name="About" storage="c:\users\irina\documents\viper\viper-wiki\csharp\mvcapplication2\viper-wiki\bin\debug\viper-wiki.dll" id="5955a081-a4aa-b278-56a4-81adc5da6ec2">
      <Execution id="90990bdc-a128-41f9-9e47-64b6a5e1db44" />
      <TestMethod codeBase="C:/Users/Irina/Documents/VIPER/viper-wiki/csharp/MvcApplication2/viper-wiki/bin/Debug/viper-wiki.DLL" adapterTypeName="Microsoft.VisualStudio.TestTools.TestTypes.Unit.UnitTestAdapter, Microsoft.VisualStudio.QualityTools.Tips.UnitTest.Adapter, Version=10.0.0.0, Culture=neutral, PublicKeyToken=b03f5f7f11d50a3a" className="viper_wiki.Controllers.HomeControllerTest, viper-wiki, Version=1.0.0.0, Culture=neutral, PublicKeyToken=null" name="About" />
    </UnitTest>
    <UnitTest name="LogOn_Post_ReturnsViewIfModelStateIsInvalid" storage="c:\users\irina\documents\viper\viper-wiki\csharp\mvcapplication2\viper-wiki\bin\debug\viper-wiki.dll" id="75b078fc-0e35-02cc-62cb-6bdefd52e9ce">
      <Execution id="1270fef3-bc7a-4a5d-8402-c199a32235fb" />
      <TestMethod codeBase="C:/Users/Irina/Documents/VIPER/viper-wiki/csharp/MvcApplication2/viper-wiki/bin/Debug/viper-wiki.DLL" adapterTypeName="Microsoft.VisualStudio.TestTools.TestTypes.Unit.UnitTestAdapter, Microsoft.VisualStudio.QualityTools.Tips.UnitTest.Adapter, Version=10.0.0.0, Culture=neutral, PublicKeyToken=b03f5f7f11d50a3a" className="viper_wiki.Controllers.AccountControllerTest, viper-wiki, Version=1.0.0.0, Culture=neutral, PublicKeyToken=null" name="LogOn_Post_ReturnsViewIfModelStateIsInvalid" />
    </UnitTest>
    <UnitTest name="LogOff_LogsOutAndRedirects" storage="c:\users\irina\documents\viper\viper-wiki\csharp\mvcapplication2\viper-wiki\bin\debug\viper-wiki.dll" id="48e14721-341c-ae95-11e2-daadd4d2e741">
      <Execution id="3fb57187-980e-4148-a209-5b6396553766" />
      <TestMethod codeBase="C:/Users/Irina/Documents/VIPER/viper-wiki/csharp/MvcApplication2/viper-wiki/bin/Debug/viper-wiki.DLL" adapterTypeName="Microsoft.VisualStudio.TestTools.TestTypes.Unit.UnitTestAdapter, Microsoft.VisualStudio.QualityTools.Tips.UnitTest.Adapter, Version=10.0.0.0, Culture=neutral, PublicKeyToken=b03f5f7f11d50a3a" className="viper_wiki.Controllers.AccountControllerTest, viper-wiki, Version=1.0.0.0, Culture=neutral, PublicKeyToken=null" name="LogOff_LogsOutAndRedirects" />
    </UnitTest>
    <UnitTest name="LogOn_Post_ReturnsViewIfValidateUserFails" storage="c:\users\irina\documents\viper\viper-wiki\csharp\mvcapplication2\viper-wiki\bin\debug\viper-wiki.dll" id="fba708a9-230b-45e8-d1df-8db936b1ed2c">
      <Execution id="6a913238-1624-4763-8b43-ddd50fe21ba3" />
      <TestMethod codeBase="C:/Users/Irina/Documents/VIPER/viper-wiki/csharp/MvcApplication2/viper-wiki/bin/Debug/viper-wiki.DLL" adapterTypeName="Microsoft.VisualStudio.TestTools.TestTypes.Unit.UnitTestAdapter, Microsoft.VisualStudio.QualityTools.Tips.UnitTest.Adapter, Version=10.0.0.0, Culture=neutral, PublicKeyToken=b03f5f7f11d50a3a" className="viper_wiki.Controllers.AccountControllerTest, viper-wiki, Version=1.0.0.0, Culture=neutral, PublicKeyToken=null" name="LogOn_Post_ReturnsViewIfValidateUserFails" />
    </UnitTest>
    <UnitTest name="ChangePassword_Post_ReturnsViewIfModelStateIsInvalid" storage="c:\users\irina\documents\viper\viper-wiki\csharp\mvcapplication2\viper-wiki\bin\debug\viper-wiki.dll" id="3e9bde5a-5e2d-9422-15e8-af1023d291ab">
      <Execution id="8df52948-44cb-4ede-a466-53781d591e11" />
      <TestMethod codeBase="C:/Users/Irina/Documents/VIPER/viper-wiki/csharp/MvcApplication2/viper-wiki/bin/Debug/viper-wiki.DLL" adapterTypeName="Microsoft.VisualStudio.TestTools.TestTypes.Unit.UnitTestAdapter, Microsoft.VisualStudio.QualityTools.Tips.UnitTest.Adapter, Version=10.0.0.0, Culture=neutral, PublicKeyToken=b03f5f7f11d50a3a" className="viper_wiki.Controllers.AccountControllerTest, viper-wiki, Version=1.0.0.0, Culture=neutral, PublicKeyToken=null" name="ChangePassword_Post_ReturnsViewIfModelStateIsInvalid" />
    </UnitTest>
    <UnitTest name="LogOn_Post_ReturnsRedirectOnSuccess_WithoutReturnUrl" storage="c:\users\irina\documents\viper\viper-wiki\csharp\mvcapplication2\viper-wiki\bin\debug\viper-wiki.dll" id="4fedca1c-ada7-dc12-c056-cf6eb6267a2e">
      <Execution id="146cbfef-ad2c-4453-93ee-c9dba544e3ab" />
      <TestMethod codeBase="C:/Users/Irina/Documents/VIPER/viper-wiki/csharp/MvcApplication2/viper-wiki/bin/Debug/viper-wiki.DLL" adapterTypeName="Microsoft.VisualStudio.TestTools.TestTypes.Unit.UnitTestAdapter, Microsoft.VisualStudio.QualityTools.Tips.UnitTest.Adapter, Version=10.0.0.0, Culture=neutral, PublicKeyToken=b03f5f7f11d50a3a" className="viper_wiki.Controllers.AccountControllerTest, viper-wiki, Version=1.0.0.0, Culture=neutral, PublicKeyToken=null" name="LogOn_Post_ReturnsRedirectOnSuccess_WithoutReturnUrl" />
    </UnitTest>
    <UnitTest name="Register_Get_ReturnsView" storage="c:\users\irina\documents\viper\viper-wiki\csharp\mvcapplication2\viper-wiki\bin\debug\viper-wiki.dll" id="3da2e4c1-4be7-53ca-b426-e442c1933d7d">
      <Execution id="2f0a5a53-1889-498e-908e-53a7c289d8b0" />
      <TestMethod codeBase="C:/Users/Irina/Documents/VIPER/viper-wiki/csharp/MvcApplication2/viper-wiki/bin/Debug/viper-wiki.DLL" adapterTypeName="Microsoft.VisualStudio.TestTools.TestTypes.Unit.UnitTestAdapter, Microsoft.VisualStudio.QualityTools.Tips.UnitTest.Adapter, Version=10.0.0.0, Culture=neutral, PublicKeyToken=b03f5f7f11d50a3a" className="viper_wiki.Controllers.AccountControllerTest, viper-wiki, Version=1.0.0.0, Culture=neutral, PublicKeyToken=null" name="Register_Get_ReturnsView" />
    </UnitTest>
    <UnitTest name="Register_Post_ReturnsViewIfRegistrationFails" storage="c:\users\irina\documents\viper\viper-wiki\csharp\mvcapplication2\viper-wiki\bin\debug\viper-wiki.dll" id="6c6a8725-b28a-439f-ffc1-ed926651f669">
      <Execution id="e785ff3e-0fc5-43db-8cbf-fea44b25099e" />
      <TestMethod codeBase="C:/Users/Irina/Documents/VIPER/viper-wiki/csharp/MvcApplication2/viper-wiki/bin/Debug/viper-wiki.DLL" adapterTypeName="Microsoft.VisualStudio.TestTools.TestTypes.Unit.UnitTestAdapter, Microsoft.VisualStudio.QualityTools.Tips.UnitTest.Adapter, Version=10.0.0.0, Culture=neutral, PublicKeyToken=b03f5f7f11d50a3a" className="viper_wiki.Controllers.AccountControllerTest, viper-wiki, Version=1.0.0.0, Culture=neutral, PublicKeyToken=null" name="Register_Post_ReturnsViewIfRegistrationFails" />
    </UnitTest>
    <UnitTest name="Register_Post_ReturnsRedirectOnSuccess" storage="c:\users\irina\documents\viper\viper-wiki\csharp\mvcapplication2\viper-wiki\bin\debug\viper-wiki.dll" id="7aa717d0-c707-ac55-cc57-5c1b5ca8b912">
      <Execution id="3ec2bb93-fedf-4227-b014-8298f18f499e" />
      <TestMethod codeBase="C:/Users/Irina/Documents/VIPER/viper-wiki/csharp/MvcApplication2/viper-wiki/bin/Debug/viper-wiki.DLL" adapterTypeName="Microsoft.VisualStudio.TestTools.TestTypes.Unit.UnitTestAdapter, Microsoft.VisualStudio.QualityTools.Tips.UnitTest.Adapter, Version=10.0.0.0, Culture=neutral, PublicKeyToken=b03f5f7f11d50a3a" className="viper_wiki.Controllers.AccountControllerTest, viper-wiki, Version=1.0.0.0, Culture=neutral, PublicKeyToken=null" name="Register_Post_ReturnsRedirectOnSuccess" />
    </UnitTest>
    <UnitTest name="ChangePassword_Post_ReturnsViewIfChangePasswordFails" storage="c:\users\irina\documents\viper\viper-wiki\csharp\mvcapplication2\viper-wiki\bin\debug\viper-wiki.dll" id="d30e1d2f-e6cb-e291-81f0-8a714099b544">
      <Execution id="1866414f-6be4-46dd-a58d-ed5872d8bc62" />
      <TestMethod codeBase="C:/Users/Irina/Documents/VIPER/viper-wiki/csharp/MvcApplication2/viper-wiki/bin/Debug/viper-wiki.DLL" adapterTypeName="Microsoft.VisualStudio.TestTools.TestTypes.Unit.UnitTestAdapter, Microsoft.VisualStudio.QualityTools.Tips.UnitTest.Adapter, Version=10.0.0.0, Culture=neutral, PublicKeyToken=b03f5f7f11d50a3a" className="viper_wiki.Controllers.AccountControllerTest, viper-wiki, Version=1.0.0.0, Culture=neutral, PublicKeyToken=null" name="ChangePassword_Post_ReturnsViewIfChangePasswordFails" />
    </UnitTest>
    <UnitTest name="LogOn_Get_ReturnsView" storage="c:\users\irina\documents\viper\viper-wiki\csharp\mvcapplication2\viper-wiki\bin\debug\viper-wiki.dll" id="be82c9eb-d59c-4732-8213-e027717f0ea1">
      <Execution id="2231ada5-079a-45d5-91c9-bd15f658be8d" />
      <TestMethod codeBase="C:/Users/Irina/Documents/VIPER/viper-wiki/csharp/MvcApplication2/viper-wiki/bin/Debug/viper-wiki.DLL" adapterTypeName="Microsoft.VisualStudio.TestTools.TestTypes.Unit.UnitTestAdapter, Microsoft.VisualStudio.QualityTools.Tips.UnitTest.Adapter, Version=10.0.0.0, Culture=neutral, PublicKeyToken=b03f5f7f11d50a3a" className="viper_wiki.Controllers.AccountControllerTest, viper-wiki, Version=1.0.0.0, Culture=neutral, PublicKeyToken=null" name="LogOn_Get_ReturnsView" />
    </UnitTest>
  </TestDefinitions>
  <TestLists>
    <TestList name="Results Not in a List" id="8c84fa94-04c1-424b-9868-57a2d4851a1d" />
    <TestList name="All Loaded Results" id="19431567-8539-422a-85d7-44ee4e166bda" />
  </TestLists>
  <TestEntries>
    <TestEntry testId="3078c832-02b5-87f6-9974-ff8aad357270" executionId="efabf441-9b92-4bc3-9f09-4ba81a49057b" testListId="8c84fa94-04c1-424b-9868-57a2d4851a1d" />
    <TestEntry testId="5cba14b5-e5ee-c2b1-a06b-37bed6f93c4a" executionId="f95527c3-df35-4774-9535-72a9537b08bf" testListId="8c84fa94-04c1-424b-9868-57a2d4851a1d" />
    <TestEntry testId="d30e1d2f-e6cb-e291-81f0-8a714099b544" executionId="1866414f-6be4-46dd-a58d-ed5872d8bc62" testListId="8c84fa94-04c1-424b-9868-57a2d4851a1d" />
    <TestEntry testId="3e9bde5a-5e2d-9422-15e8-af1023d291ab" executionId="8df52948-44cb-4ede-a466-53781d591e11" testListId="8c84fa94-04c1-424b-9868-57a2d4851a1d" />
    <TestEntry testId="a06cb7d7-498c-063d-7c92-66bc6db7094d" executionId="effd6a0a-a2d5-4b9e-95b5-5eacf818046f" testListId="8c84fa94-04c1-424b-9868-57a2d4851a1d" />
    <TestEntry testId="48e14721-341c-ae95-11e2-daadd4d2e741" executionId="3fb57187-980e-4148-a209-5b6396553766" testListId="8c84fa94-04c1-424b-9868-57a2d4851a1d" />
    <TestEntry testId="be82c9eb-d59c-4732-8213-e027717f0ea1" executionId="2231ada5-079a-45d5-91c9-bd15f658be8d" testListId="8c84fa94-04c1-424b-9868-57a2d4851a1d" />
    <TestEntry testId="4fedca1c-ada7-dc12-c056-cf6eb6267a2e" executionId="146cbfef-ad2c-4453-93ee-c9dba544e3ab" testListId="8c84fa94-04c1-424b-9868-57a2d4851a1d" />
    <TestEntry testId="5133da90-7b3c-2eda-4202-818db91a4da7" executionId="aa38001c-4b40-4ba3-ab0e-993b24441feb" testListId="8c84fa94-04c1-424b-9868-57a2d4851a1d" />
    <TestEntry testId="75b078fc-0e35-02cc-62cb-6bdefd52e9ce" executionId="1270fef3-bc7a-4a5d-8402-c199a32235fb" testListId="8c84fa94-04c1-424b-9868-57a2d4851a1d" />
    <TestEntry testId="fba708a9-230b-45e8-d1df-8db936b1ed2c" executionId="6a913238-1624-4763-8b43-ddd50fe21ba3" testListId="8c84fa94-04c1-424b-9868-57a2d4851a1d" />
    <TestEntry testId="3da2e4c1-4be7-53ca-b426-e442c1933d7d" executionId="2f0a5a53-1889-498e-908e-53a7c289d8b0" testListId="8c84fa94-04c1-424b-9868-57a2d4851a1d" />
    <TestEntry testId="7aa717d0-c707-ac55-cc57-5c1b5ca8b912" executionId="3ec2bb93-fedf-4227-b014-8298f18f499e" testListId="8c84fa94-04c1-424b-9868-57a2d4851a1d" />
    <TestEntry testId="6c6a8725-b28a-439f-ffc1-ed926651f669" executionId="e785ff3e-0fc5-43db-8cbf-fea44b25099e" testListId="8c84fa94-04c1-424b-9868-57a2d4851a1d" />
    <TestEntry testId="bd3d8429-1fcc-7793-6a46-984fc66b3726" executionId="ad9b86e3-d6f8-41fc-8ec8-73376eb9ecba" testListId="8c84fa94-04c1-424b-9868-57a2d4851a1d" />
    <TestEntry testId="293f5a52-3520-c72e-870f-9e93a0146d1c" executionId="52a47e59-1258-4f67-866d-c4a3f2526145" testListId="8c84fa94-04c1-424b-9868-57a2d4851a1d" />
    <TestEntry testId="5955a081-a4aa-b278-56a4-81adc5da6ec2" executionId="90990bdc-a128-41f9-9e47-64b6a5e1db44" testListId="8c84fa94-04c1-424b-9868-57a2d4851a1d" />
  </TestEntries>
  <Results>
    <UnitTestResult executionId="efabf441-9b92-4bc3-9f09-4ba81a49057b" testId="3078c832-02b5-87f6-9974-ff8aad357270" testName="ChangePassword_Get_ReturnsView" computerName="IPC" duration="00:00:00.0736818" startTime="2010-10-20T14:43:07.1657339+02:00" endTime="2010-10-20T14:43:08.3268003+02:00" testType="13cdc9d9-ddb5-4fa4-a97d-d965ccfc6d4b" outcome="Passed" testListId="8c84fa94-04c1-424b-9868-57a2d4851a1d" relativeResultsDirectory="efabf441-9b92-4bc3-9f09-4ba81a49057b">
    </UnitTestResult>
    <UnitTestResult executionId="f95527c3-df35-4774-9535-72a9537b08bf" testId="5cba14b5-e5ee-c2b1-a06b-37bed6f93c4a" testName="ChangePassword_Post_ReturnsRedirectOnSuccess" computerName="IPC" duration="00:00:00.0315629" startTime="2010-10-20T14:43:08.3948042+02:00" endTime="2010-10-20T14:43:08.4538076+02:00" testType="13cdc9d9-ddb5-4fa4-a97d-d965ccfc6d4b" outcome="Passed" testListId="8c84fa94-04c1-424b-9868-57a2d4851a1d" relativeResultsDirectory="f95527c3-df35-4774-9535-72a9537b08bf">
    </UnitTestResult>
    <UnitTestResult executionId="1866414f-6be4-46dd-a58d-ed5872d8bc62" testId="d30e1d2f-e6cb-e291-81f0-8a714099b544" testName="ChangePassword_Post_ReturnsViewIfChangePasswordFails" computerName="IPC" duration="00:00:00.0038748" startTime="2010-10-20T14:43:08.4848094+02:00" endTime="2010-10-20T14:43:08.5518132+02:00" testType="13cdc9d9-ddb5-4fa4-a97d-d965ccfc6d4b" outcome="Passed" testListId="8c84fa94-04c1-424b-9868-57a2d4851a1d" relativeResultsDirectory="1866414f-6be4-46dd-a58d-ed5872d8bc62">
    </UnitTestResult>
    <UnitTestResult executionId="8df52948-44cb-4ede-a466-53781d591e11" testId="3e9bde5a-5e2d-9422-15e8-af1023d291ab" testName="ChangePassword_Post_ReturnsViewIfModelStateIsInvalid" computerName="IPC" duration="00:00:00.0007518" startTime="2010-10-20T14:43:08.6298176+02:00" endTime="2010-10-20T14:43:08.6598194+02:00" testType="13cdc9d9-ddb5-4fa4-a97d-d965ccfc6d4b" outcome="Passed" testListId="8c84fa94-04c1-424b-9868-57a2d4851a1d" relativeResultsDirectory="8df52948-44cb-4ede-a466-53781d591e11">
    </UnitTestResult>
    <UnitTestResult executionId="effd6a0a-a2d5-4b9e-95b5-5eacf818046f" testId="a06cb7d7-498c-063d-7c92-66bc6db7094d" testName="ChangePasswordSuccess_ReturnsView" computerName="IPC" duration="00:00:00.0007790" startTime="2010-10-20T14:43:08.6798205+02:00" endTime="2010-10-20T14:43:08.7148225+02:00" testType="13cdc9d9-ddb5-4fa4-a97d-d965ccfc6d4b" outcome="Passed" testListId="8c84fa94-04c1-424b-9868-57a2d4851a1d" relativeResultsDirectory="effd6a0a-a2d5-4b9e-95b5-5eacf818046f">
    </UnitTestResult>
    <UnitTestResult executionId="3fb57187-980e-4148-a209-5b6396553766" testId="48e14721-341c-ae95-11e2-daadd4d2e741" testName="LogOff_LogsOutAndRedirects" computerName="IPC" duration="00:00:00.0011034" startTime="2010-10-20T14:43:08.7568249+02:00" endTime="2010-10-20T14:43:08.9158340+02:00" testType="13cdc9d9-ddb5-4fa4-a97d-d965ccfc6d4b" outcome="Passed" testListId="8c84fa94-04c1-424b-9868-57a2d4851a1d" relativeResultsDirectory="3fb57187-980e-4148-a209-5b6396553766">
    </UnitTestResult>
    <UnitTestResult executionId="2231ada5-079a-45d5-91c9-bd15f658be8d" testId="be82c9eb-d59c-4732-8213-e027717f0ea1" testName="LogOn_Get_ReturnsView" computerName="IPC" duration="00:00:00.0004470" startTime="2010-10-20T14:43:08.9768375+02:00" endTime="2010-10-20T14:43:09.0388410+02:00" testType="13cdc9d9-ddb5-4fa4-a97d-d965ccfc6d4b" outcome="Passed" testListId="8c84fa94-04c1-424b-9868-57a2d4851a1d" relativeResultsDirectory="2231ada5-079a-45d5-91c9-bd15f658be8d">
    </UnitTestResult>
    <UnitTestResult executionId="146cbfef-ad2c-4453-93ee-c9dba544e3ab" testId="4fedca1c-ada7-dc12-c056-cf6eb6267a2e" testName="LogOn_Post_ReturnsRedirectOnSuccess_WithoutReturnUrl" computerName="IPC" duration="00:00:00.0023515" startTime="2010-10-20T14:43:09.0668426+02:00" endTime="2010-10-20T14:43:09.1228458+02:00" testType="13cdc9d9-ddb5-4fa4-a97d-d965ccfc6d4b" outcome="Passed" testListId="8c84fa94-04c1-424b-9868-57a2d4851a1d" relativeResultsDirectory="146cbfef-ad2c-4453-93ee-c9dba544e3ab">
    </UnitTestResult>
    <UnitTestResult executionId="aa38001c-4b40-4ba3-ab0e-993b24441feb" testId="5133da90-7b3c-2eda-4202-818db91a4da7" testName="LogOn_Post_ReturnsRedirectOnSuccess_WithReturnUrl" computerName="IPC" duration="00:00:00.0018183" startTime="2010-10-20T14:43:09.1328464+02:00" endTime="2010-10-20T14:43:09.1478473+02:00" testType="13cdc9d9-ddb5-4fa4-a97d-d965ccfc6d4b" outcome="Passed" testListId="8c84fa94-04c1-424b-9868-57a2d4851a1d" relativeResultsDirectory="aa38001c-4b40-4ba3-ab0e-993b24441feb">
    </UnitTestResult>
    <UnitTestResult executionId="1270fef3-bc7a-4a5d-8402-c199a32235fb" testId="75b078fc-0e35-02cc-62cb-6bdefd52e9ce" testName="LogOn_Post_ReturnsViewIfModelStateIsInvalid" computerName="IPC" duration="00:00:00.0004860" startTime="2010-10-20T14:43:09.1618481+02:00" endTime="2010-10-20T14:43:09.1748488+02:00" testType="13cdc9d9-ddb5-4fa4-a97d-d965ccfc6d4b" outcome="Passed" testListId="8c84fa94-04c1-424b-9868-57a2d4851a1d" relativeResultsDirectory="1270fef3-bc7a-4a5d-8402-c199a32235fb">
    </UnitTestResult>
    <UnitTestResult executionId="6a913238-1624-4763-8b43-ddd50fe21ba3" testId="fba708a9-230b-45e8-d1df-8db936b1ed2c" testName="LogOn_Post_ReturnsViewIfValidateUserFails" computerName="IPC" duration="00:00:00.0005712" startTime="2010-10-20T14:43:09.1858495+02:00" endTime="2010-10-20T14:43:09.1998503+02:00" testType="13cdc9d9-ddb5-4fa4-a97d-d965ccfc6d4b" outcome="Passed" testListId="8c84fa94-04c1-424b-9868-57a2d4851a1d" relativeResultsDirectory="6a913238-1624-4763-8b43-ddd50fe21ba3">
    </UnitTestResult>
    <UnitTestResult executionId="2f0a5a53-1889-498e-908e-53a7c289d8b0" testId="3da2e4c1-4be7-53ca-b426-e442c1933d7d" testName="Register_Get_ReturnsView" computerName="IPC" duration="00:00:00.0006143" startTime="2010-10-20T14:43:09.2098508+02:00" endTime="2010-10-20T14:43:09.2238516+02:00" testType="13cdc9d9-ddb5-4fa4-a97d-d965ccfc6d4b" outcome="Passed" testListId="8c84fa94-04c1-424b-9868-57a2d4851a1d" relativeResultsDirectory="2f0a5a53-1889-498e-908e-53a7c289d8b0">
    </UnitTestResult>
    <UnitTestResult executionId="3ec2bb93-fedf-4227-b014-8298f18f499e" testId="7aa717d0-c707-ac55-cc57-5c1b5ca8b912" testName="Register_Post_ReturnsRedirectOnSuccess" computerName="IPC" duration="00:00:00.0022083" startTime="2010-10-20T14:43:09.2408526+02:00" endTime="2010-10-20T14:43:09.2568535+02:00" testType="13cdc9d9-ddb5-4fa4-a97d-d965ccfc6d4b" outcome="Passed" testListId="8c84fa94-04c1-424b-9868-57a2d4851a1d" relativeResultsDirectory="3ec2bb93-fedf-4227-b014-8298f18f499e">
    </UnitTestResult>
    <UnitTestResult executionId="e785ff3e-0fc5-43db-8cbf-fea44b25099e" testId="6c6a8725-b28a-439f-ffc1-ed926651f669" testName="Register_Post_ReturnsViewIfRegistrationFails" computerName="IPC" duration="00:00:00.0009012" startTime="2010-10-20T14:43:09.2678541+02:00" endTime="2010-10-20T14:43:09.2818549+02:00" testType="13cdc9d9-ddb5-4fa4-a97d-d965ccfc6d4b" outcome="Passed" testListId="8c84fa94-04c1-424b-9868-57a2d4851a1d" relativeResultsDirectory="e785ff3e-0fc5-43db-8cbf-fea44b25099e">
    </UnitTestResult>
    <UnitTestResult executionId="ad9b86e3-d6f8-41fc-8ec8-73376eb9ecba" testId="bd3d8429-1fcc-7793-6a46-984fc66b3726" testName="Register_Post_ReturnsViewIfModelStateIsInvalid" computerName="IPC" duration="00:00:00.0005327" startTime="2010-10-20T14:43:09.2918555+02:00" endTime="2010-10-20T14:43:09.3038562+02:00" testType="13cdc9d9-ddb5-4fa4-a97d-d965ccfc6d4b" outcome="Passed" testListId="8c84fa94-04c1-424b-9868-57a2d4851a1d" relativeResultsDirectory="ad9b86e3-d6f8-41fc-8ec8-73376eb9ecba">
    </UnitTestResult>
    <UnitTestResult executionId="52a47e59-1258-4f67-866d-c4a3f2526145" testId="293f5a52-3520-c72e-870f-9e93a0146d1c" testName="Index" computerName="IPC" duration="00:00:00.0009699" startTime="2010-10-20T14:43:09.3168569+02:00" endTime="2010-10-20T14:43:09.3548591+02:00" testType="13cdc9d9-ddb5-4fa4-a97d-d965ccfc6d4b" outcome="Passed" testListId="8c84fa94-04c1-424b-9868-57a2d4851a1d" relativeResultsDirectory="52a47e59-1258-4f67-866d-c4a3f2526145">
    </UnitTestResult>
    <UnitTestResult executionId="90990bdc-a128-41f9-9e47-64b6a5e1db44" testId="5955a081-a4aa-b278-56a4-81adc5da6ec2" testName="About" computerName="IPC" duration="00:00:00.0005306" startTime="2010-10-20T14:43:09.3678599+02:00" endTime="2010-10-20T14:43:09.3808606+02:00" testType="13cdc9d9-ddb5-4fa4-a97d-d965ccfc6d4b" outcome="Passed" testListId="8c84fa94-04c1-424b-9868-57a2d4851a1d" relativeResultsDirectory="90990bdc-a128-41f9-9e47-64b6a5e1db44">
    </UnitTestResult>
  </Results>
</TestRun>